Version identifier: 20.1.0.0 | 2020-11-10 | 9bedb6d68
CPXPARAM_RandomSeed                              1234
CPXPARAM_TimeLimit                               3600
Tried aggregator 1 time.
MIP Presolve eliminated 0 rows and 49 columns.
Reduced MIP has 2258 rows, 2303 columns, and 10998 nonzeros.
Reduced MIP has 2256 binaries, 47 generals, 0 SOSs, and 0 indicators.
Presolve time = 0.01 sec. (5.91 ticks)
Probing time = 0.00 sec. (3.32 ticks)
Tried aggregator 1 time.
Detecting symmetries...
Reduced MIP has 2258 rows, 2303 columns, and 10998 nonzeros.
Reduced MIP has 2256 binaries, 47 generals, 0 SOSs, and 0 indicators.
Presolve time = 0.01 sec. (7.90 ticks)
Probing time = 0.01 sec. (3.28 ticks)
Clique table members: 1149.
MIP emphasis: balance optimality and feasibility.
MIP search method: dynamic search.
Parallel mode: deterministic, using up to 8 threads.
Root relaxation solution time = 0.01 sec. (4.11 ticks)

        Nodes                                         Cuts/
   Node  Left     Objective  IInf  Best Integer    Best Bound    ItCnt     Gap

      0     0     8460.1702   100                   8460.1702       95         
      0     0     9885.2660   125                   Cuts: 174      182         
      0     0     9964.0000   123                    Cuts: 53      236         
      0     0     9964.0000   125                    Cuts: 45      253         
      0     0     9964.0000   121                    Cuts: 19      267         
      0     0     9964.0000   118                     Cuts: 7      271         
Detecting symmetries...
*     0+    0                        13265.0000     9964.0000            24.89%
*     0+    0                        13138.0000     9964.0000            24.16%
      0     0  -1.00000e+75     0    13138.0000     9964.0000      271   24.16%
*     0+    0                        12808.0000     9964.0000            22.20%
Detecting symmetries...
      0     2     9964.0000   118    12808.0000     9964.0000      271   22.20%
Elapsed time = 1.28 sec. (945.31 ticks, tree = 0.02 MB, solutions = 3)
*    14+    1                        12107.0000     9964.0000            17.70%
*    25+    3                        12018.0000     9964.8851            17.08%
    777   555    10874.2660    32    12018.0000     9968.7149    10400   17.05%
   1902  1438    10806.8303    79    12018.0000     9969.5544    23692   17.04%
*  2673  2013      integral     0    11555.0000     9990.8750    32916   13.54%
*  2699  1653      integral     0    11554.0000     9992.3273    34774   13.52%
   3022  1895    10173.0133    85    11554.0000    10000.5213    38840   13.45%

Performing restart 1

Repeating presolve.
Tried aggregator 1 time.
MIP Presolve eliminated 0 rows and 273 columns.
Reduced MIP has 2258 rows, 2030 columns, and 10185 nonzeros.
Reduced MIP has 1983 binaries, 47 generals, 0 SOSs, and 0 indicators.
Presolve time = 0.01 sec. (5.68 ticks)
Tried aggregator 1 time.
MIP Presolve eliminated 124 rows and 0 columns.
MIP Presolve modified 12 coefficients.
Reduced MIP has 2134 rows, 2030 columns, and 9937 nonzeros.
Reduced MIP has 1983 binaries, 47 generals, 0 SOSs, and 0 indicators.
Presolve time = 0.01 sec. (7.04 ticks)
Represolve time = 0.03 sec. (23.75 ticks)
*  3392+    0                        11377.0000    10002.8759            12.08%
   3392     0     9976.7500   113    11377.0000     Cuts: 235    46019   12.08%
   3392     0    10008.6596   120    11377.0000      Cuts: 51    46052   12.03%
   3392     0    10053.1019   129    11377.0000      Cuts: 27    46098   11.64%
   3392     0    10072.3333   121    11377.0000     Cuts: 116    46141   11.47%
   3392     0    10079.0851   112    11377.0000     Cuts: 127    46178   11.41%
   3392     0    10086.0000   128    11377.0000     Cuts: 191    46210   11.35%
   3392     0    10086.0000   121    11377.0000     Cuts: 229    46232   11.35%
   3392     0    10087.0000   113    11377.0000      Cuts: 30    46257   11.34%
   3392     0    10096.0000   127    11377.0000      Cuts: 62    46278   11.26%
   3392     0    10096.0000   116    11377.0000     Cuts: 157    46289   11.26%
   3392     0    10096.0106   133    11377.0000      Cuts: 24    46311   11.26%
   3392     0    10096.1667   129    11377.0000      Cuts: 20    46320   11.26%
   3392     0    10096.5000   130    11377.0000      Cuts: 14    46330   11.26%
   3392     0    10096.5000   127    11377.0000      Cuts: 26    46343   11.25%
   3392     0    10097.0973   134    11377.0000      Cuts: 14    46370   11.25%
   3392     0    10099.0000   129    11377.0000     Cuts: 158    46380   11.23%
   3392     0    10099.6667   132    11377.0000      Cuts: 23    46390   11.23%
   3392     2    10099.6667   132    11377.0000    10099.6667    46390   11.23%
*  3394+    2                        11287.0000    10105.4823            10.47%
   3413    21    10142.1915   122    11287.0000    10105.8000    46560   10.47%
   3525    81    10117.1215   122    11287.0000    10107.4255    47602   10.45%
   3882   417    10244.0426    89    11287.0000    10107.4255    49908   10.45%
   4269   723    10203.0037    71    11287.0000    10107.4255    52919   10.45%
   4841  1272    10431.7376    87    11287.0000    10107.4255    57002   10.45%
   7566  3689    10627.7515    82    11287.0000    10142.0000    76810   10.14%
Elapsed time = 20.15 sec. (8301.21 ticks, tree = 4.18 MB, solutions = 14)
  10754  6754    10806.2723    76    11287.0000    10157.8112   105847   10.00%
* 11577+ 6280                        11146.0000    10163.0292             8.82%
* 11602+ 6280                        11106.0000    10163.0292             8.49%
  13867  9016    10622.0682   127    11106.0000    10163.0292   127645    8.49%
  17911 12876    10279.8652   106    11106.0000    10184.7057   161670    8.30%
* 20520+14637                        11095.0000    10190.3740             8.15%
  21275 15374    10532.9451   133    11095.0000    10191.3206   183573    8.14%
* 21823+15104                        10969.0000    10192.9359             7.08%
* 21825+15103                        10929.0000    10192.9359             6.73%
* 24439+17632                        10840.0000    10199.2074             5.91%
  25007 16457    10614.1246    55    10840.0000    10201.0542   215292    5.89%
  28262 19385    10666.4809    43    10840.0000    10209.0126   244535    5.82%
* 28412+19409                        10761.0000    10210.0290             5.12%
* 28424+19403                        10721.0000    10210.0290             4.77%
  31716 18981    10375.7720    70    10721.0000    10214.3370   270385    4.73%
  35079 22010    10322.0000    94    10721.0000    10225.0638   300460    4.63%
* 36201+23651                        10710.0000    10228.6454             4.49%
  37182 24018    10650.3540    86    10710.0000    10228.6667   323753    4.49%

Performing restart 2

Repeating presolve.
Tried aggregator 1 time.
MIP Presolve eliminated 0 rows and 909 columns.
MIP Presolve modified 3257 coefficients.
Reduced MIP has 2134 rows, 1121 columns, and 8735 nonzeros.
Reduced MIP has 1074 binaries, 47 generals, 0 SOSs, and 0 indicators.
Presolve time = 0.01 sec. (8.33 ticks)
Tried aggregator 1 time.
MIP Presolve eliminated 437 rows and 0 columns.
MIP Presolve modified 953 coefficients.
Reduced MIP has 1697 rows, 1121 columns, and 7827 nonzeros.
Reduced MIP has 1074 binaries, 47 generals, 0 SOSs, and 0 indicators.
Presolve time = 0.01 sec. (8.03 ticks)
Represolve time = 0.16 sec. (101.53 ticks)
  37571     0    10120.0000   130    10710.0000      Cuts: 62   337043    4.46%
  37571     0    10123.0000   134    10710.0000      Cuts: 47   337066    4.46%
  37571     0    10127.9336   139    10710.0000      Cuts: 20   337125    4.46%
  37571     0    10133.1087   133    10710.0000      Cuts: 80   337167    4.46%
  37571     0    10133.2632   127    10710.0000     Cuts: 197   337201    4.46%
  37571     0    10136.4167   136    10710.0000     Cuts: 194   337261    4.46%
  37571     0    10138.8462   130    10710.0000      Cuts: 46   337288    4.46%
  37571     0    10139.3929   133    10710.0000     Cuts: 109   337329    4.46%
  37571     0    10139.6429   133    10710.0000     Cuts: 289   337354    4.46%

Repeating presolve.
Tried aggregator 1 time.
MIP Presolve eliminated 0 rows and 29 columns.
MIP Presolve modified 11240 coefficients.
Reduced MIP has 1697 rows, 1092 columns, and 19832 nonzeros.
Reduced MIP has 1045 binaries, 47 generals, 0 SOSs, and 0 indicators.
Presolve time = 0.04 sec. (26.33 ticks)
Tried aggregator 1 time.
Reduced MIP has 1697 rows, 1092 columns, and 19832 nonzeros.
Reduced MIP has 1045 binaries, 47 generals, 0 SOSs, and 0 indicators.
Presolve time = 0.03 sec. (10.42 ticks)
Represolve time = 0.37 sec. (125.23 ticks)
  37571     0    10139.6429   135    10710.0000     Cuts: 206   337640    4.46%
  37571     0    10139.6429   140    10710.0000     Cuts: 106   337662    4.46%
  37571     0    10139.8929   136    10710.0000     Cuts: 104   337706    4.46%
  37571     0    10139.9056   137    10710.0000     Cuts: 175   337745    4.46%
  37571     0    10140.4167    98    10710.0000      Cuts: 94   337762    4.46%
  37571     0    10140.8250   148    10710.0000      Cuts: 58   337797    4.46%
  37571     0    10141.5152   127    10710.0000     Cuts: 118   337863    4.46%
  37571     0    10141.8387   142    10710.0000     Cuts: 214   337918    4.46%
  37571     0    10142.2357   139    10710.0000     Cuts: 227   337965    4.46%
  37571     2    10142.2357   139    10710.0000    10231.8085   337965    4.46%
Elapsed time = 63.65 sec. (23119.40 ticks, tree = 0.02 MB, solutions = 25)
  37812   180    10536.7239   100    10710.0000    10231.8085   343907    4.46%
  39128  1117    10324.5875    95    10710.0000    10231.8085   359437    4.46%
  41574  3040    10282.9586    93    10710.0000    10231.8085   382811    4.46%
  44689  5736    10283.3891   101    10710.0000    10231.8085   416072    4.46%
  48132  8797    10216.8150   127    10710.0000    10231.8085   453441    4.46%
  51651 11657    10281.7272    77    10710.0000    10231.8085   486476    4.46%
  55230 14682    10474.3788    91    10710.0000    10231.8085   524546    4.46%
  58606 17744    10248.5823   124    10710.0000    10231.8085   563359    4.46%
  62212 20676    10305.8513   122    10710.0000    10231.8085   598350    4.46%
  66126 24316    10363.2299   116    10710.0000    10231.8085   646181    4.46%
Elapsed time = 91.05 sec. (32659.27 ticks, tree = 20.24 MB, solutions = 25)
  68823 26670    10321.9545   128    10710.0000    10231.8085   681708    4.46%
* 70042+27529                        10694.0000    10231.8085             4.32%
  70452 27791    10540.0846    77    10694.0000    10231.8085   696320    4.32%
  72940 29669    10362.3125    87    10694.0000    10231.8085   727151    4.32%
  74845 31416    10659.7494    52    10694.0000    10231.8085   756799    4.32%
  76836 32619    10408.7743    94    10694.0000    10231.8085   776391    4.32%
  79448 34631    10438.1995   112    10694.0000    10231.8085   811234    4.32%
  81779 36418    10512.7188    91    10694.0000    10231.8085   843523    4.32%
  84415 38540    10420.6764   120    10694.0000    10231.8085   881153    4.32%
  87212 40550    10293.7205   124    10694.0000    10231.8085   912592    4.32%
* 88221+41154                        10654.0000    10231.8085             3.96%
  89911 41936        cutoff          10654.0000    10231.8085   950556    3.96%
Elapsed time = 109.24 sec. (42199.78 ticks, tree = 35.34 MB, solutions = 27)
  92876 44262    10456.6481    68    10654.0000    10231.8085   991334    3.96%
  95229 46329    10317.3164   110    10654.0000    10234.0814  1034289    3.94%
  97927 48400    10402.3401   127    10654.0000    10237.3926  1081625    3.91%
  99804 49955        cutoff          10654.0000    10240.7231  1120224    3.88%
 101592 50650    10415.4944   112    10654.0000    10242.8815  1133581    3.86%
 103373 52455    10571.7618   113    10654.0000    10244.4815  1172518    3.84%
 105232 53776    10406.7560   107    10654.0000    10245.8750  1203396    3.83%
 106728 54890    10577.5556   104    10654.0000    10247.1812  1228826    3.82%
 108404 56131    10401.8437   101    10654.0000    10249.0015  1261137    3.80%
 110362 56840    10463.2583   100    10654.0000    10251.2643  1278614    3.78%
Elapsed time = 126.79 sec. (51742.22 ticks, tree = 47.29 MB, solutions = 27)
 112539 58135    10369.0289    82    10654.0000    10252.6177  1317578    3.77%
 114641 59752    10380.1419    72    10654.0000    10254.9354  1362721    3.75%
 115945 61013    10461.8578    89    10654.0000    10257.1429  1400993    3.72%
 117544 61916        cutoff          10654.0000    10258.8261  1434724    3.71%
 119611 62891    10576.5147   103    10654.0000    10260.1236  1470006    3.70%
 120920 63895    10520.7222    96    10654.0000    10261.4253  1499326    3.68%
 122594 64891    10474.1446   116    10654.0000    10263.2926  1533224    3.67%
 124398 66143    10418.9906   130    10654.0000    10265.8333  1581635    3.64%
 126014 67182    10635.4843   104    10654.0000    10267.5274  1620984    3.63%
 127723 67847        cutoff          10654.0000    10269.7609  1645622    3.61%
Elapsed time = 144.36 sec. (61285.29 ticks, tree = 59.22 MB, solutions = 27)
 129357 69056    10482.9282   139    10654.0000    10271.2357  1693255    3.59%
 131287 69883        cutoff          10654.0000    10272.8468  1724917    3.58%
 133158 71301        cutoff          10654.0000    10274.2100  1768738    3.56%
 135012 72217        cutoff          10654.0000    10276.2871  1803942    3.55%
 136310 73030        cutoff          10654.0000    10276.8851  1846766    3.54%
 137825 73525    10504.9706   100    10654.0000    10278.1556  1877925    3.53%
 139689 74783    10443.8212   107    10654.0000    10279.1556  1929784    3.52%
 141946 76214    10489.2736   113    10654.0000    10280.7778  1980503    3.50%
 144087 77175    10396.7500    96    10654.0000    10282.7172  2010989    3.48%
 146311 78560    10445.6000    60    10654.0000    10284.3137  2052593    3.47%
Elapsed time = 161.85 sec. (70825.53 ticks, tree = 68.42 MB, solutions = 27)
 148344 80150    10415.2908   104    10654.0000    10286.0623  2112766    3.45%
 150701 81180    10484.0311   123    10654.0000    10288.3526  2147417    3.43%
 152845 82818    10357.0610   123    10654.0000    10289.6843  2208066    3.42%
 155038 84233    10396.7310   124    10654.0000    10291.7170  2254012    3.40%
 157359 85340    10516.6444   104    10654.0000    10293.6029  2292260    3.38%
 159659 86963    10388.0510   114    10654.0000    10295.3997  2355623    3.37%
 161740 88078    10578.6250   106    10654.0000    10296.4434  2406815    3.36%
 163828 89140    10407.5376   117    10654.0000    10297.6889  2452455    3.34%
 166139 90004    10638.6511    79    10654.0000    10299.8333  2484616    3.32%
 168344 91630    10402.5000    99    10654.0000    10301.3084  2566479    3.31%
Elapsed time = 179.72 sec. (80364.97 ticks, tree = 79.85 MB, solutions = 27)
 170533 92339    10382.9780    78    10654.0000    10303.4314  2595404    3.29%
 172757 93476    10582.6478    62    10654.0000    10305.2440  2647361    3.27%
 174874 94870    10627.0000    63    10654.0000    10306.8935  2706278    3.26%
 177174 96260    10414.1714   100    10654.0000    10308.9227  2767081    3.24%
 178480 97190    10434.9422   121    10654.0000    10310.5519  2809601    3.22%
 179883 97828    10437.4228   124    10654.0000    10312.1756  2843793    3.21%
 181558 98233    10476.8000    87    10654.0000    10313.3955  2866180    3.20%
 183573 99173    10598.5250    97    10654.0000    10313.7500  2928130    3.19%
 185680 100168    10491.7130   114    10654.0000    10314.7679  2979327    3.18%
 187678 101256    10555.5833   107    10654.0000    10315.8904  3031393    3.17%
Elapsed time = 197.56 sec. (89906.23 ticks, tree = 88.25 MB, solutions = 27)
 189725 102442    10560.0152   115    10654.0000    10317.5943  3087400    3.16%
 191863 103110    10443.1577   130    10654.0000    10318.9221  3116408    3.15%
 194002 104169        cutoff          10654.0000    10320.2950  3164490    3.13%
 196116 105109        cutoff          10654.0000    10322.0180  3215493    3.12%
 198108 106564    10390.2931   125    10654.0000    10323.3333  3280451    3.10%
 200303 107460    10440.9778   110    10654.0000    10323.9857  3321046    3.10%
 202372 108156        cutoff          10654.0000    10325.2960  3360311    3.09%
 204542 109145    10401.4204    79    10654.0000    10326.6244  3422953    3.07%
 206700 110034        cutoff          10654.0000    10327.5231  3474706    3.06%
 215126 113554        cutoff          10654.0000    10333.6667  3687815    3.01%
Elapsed time = 221.49 sec. (102307.86 ticks, tree = 99.67 MB, solutions = 27)
 224533 117789        cutoff          10654.0000    10339.7637  3955129    2.95%
 234306 121872    10398.2500   113    10654.0000    10346.8989  4208334    2.88%
 244218 126171    10593.0311   107    10654.0000    10353.1492  4463350    2.82%
 253847 129715    10629.0092   119    10654.0000    10358.8611  4676690    2.77%
 263495 133817        cutoff          10654.0000    10364.4400  4936497    2.72%
 272594 136218    10491.0667   121    10654.0000    10368.7787  5194023    2.68%
 282166 139508    10479.1333    97    10654.0000    10374.6781  5442945    2.62%
 291266 142702    infeasible          10654.0000    10379.7156  5677514    2.57%
 299715 145284    10522.8424    93    10654.0000    10384.5932  5870369    2.53%
 308387 147909    10573.0087    71    10654.0000    10389.3617  6077464    2.48%
Elapsed time = 309.17 sec. (140458.92 ticks, tree = 134.47 MB, solutions = 27)
 316826 150607        cutoff          10654.0000    10393.2660  6303705    2.45%
 324772 152985    10402.4479   112    10654.0000    10397.3333  6513181    2.41%
 332794 155118        cutoff          10654.0000    10400.9519  6701057    2.38%
 340579 157124    10586.5266   119    10654.0000    10404.0592  6899235    2.35%
 348323 159176        cutoff          10654.0000    10407.6151  7107992    2.31%
*354379+160612                        10639.0000    10409.9393             2.15%
*355529+160883                        10630.0000    10410.4139             2.07%
 356546 155118    10587.7039    93    10630.0000    10410.5930  7282978    2.06%
*359947+156013                        10622.0000    10411.9275             1.98%
 364524 153793    10423.3176    63    10622.0000    10413.9237  7476391    1.96%
 372051 154864    10546.3333    71    10622.0000    10418.0929  7685624    1.92%
 379594 155589    10516.6778   102    10622.0000    10421.7667  7850860    1.89%
*379675 155612      integral     0    10606.0000    10421.7667  7855019    1.74%
Elapsed time = 419.17 sec. (174836.84 ticks, tree = 144.90 MB, solutions = 30)
 387050 147677    10488.1603    91    10606.0000    10425.2927  8025324    1.70%
 394688 148057    10547.3474   100    10606.0000    10429.1672  8195244    1.67%
*396449+148170                        10598.0000    10430.3281             1.58%
 401771 143409    10497.8333    65    10598.0000    10433.3148  8382193    1.55%
 408935 143100    10575.5000   101    10598.0000    10436.7506  8534767    1.52%
 416135 142152        cutoff          10598.0000    10440.8673  8729709    1.48%
 423023 141220    10476.0283    92    10598.0000    10444.1922  8877520    1.45%
 430322 140448        cutoff          10598.0000    10447.6333  9016670    1.42%
 437649 139648    10478.9223    91    10598.0000    10451.1628  9179026    1.39%
 445684 138447        cutoff          10598.0000    10454.9056  9363160    1.35%
 453489 136972        cutoff          10598.0000    10458.4165  9541671    1.32%
Elapsed time = 506.91 sec. (212988.11 ticks, tree = 132.00 MB, solutions = 32)
 461440 135995    10479.5438    56    10598.0000    10462.0000  9711224    1.28%
 469275 134550        cutoff          10598.0000    10465.5378  9903921    1.25%
 477425 133377        cutoff          10598.0000    10469.1070 10050247    1.22%
 485496 131378    10507.7104    44    10598.0000    10472.6987 10240486    1.18%
 493866 129836    infeasible          10598.0000    10475.9405 10387782    1.15%
 502076 128190    10550.6049    92    10598.0000    10479.5000 10532606    1.12%
 510451 125948    10573.2914    78    10598.0000    10483.2939 10728400    1.08%
 519102 123854    10514.2000   121    10598.0000    10486.9426 10879321    1.05%
 527744 121493        cutoff          10598.0000    10490.5407 11061964    1.01%
 536702 119341    10540.0701   100    10598.0000    10493.8248 11226388    0.98%
Elapsed time = 593.28 sec. (251139.95 ticks, tree = 118.80 MB, solutions = 32)
 545524 116640        cutoff          10598.0000    10497.2373 11407256    0.95%
 554695 113617        cutoff          10598.0000    10501.0778 11582132    0.91%
 563722 110709        cutoff          10598.0000    10504.1824 11715213    0.89%
 573148 107028        cutoff          10598.0000    10507.5000 11894881    0.85%
 582407 103937        cutoff          10598.0000    10510.8824 12041268    0.82%
 591979 100155        cutoff          10598.0000    10514.2917 12202919    0.79%
 601406 96071    10586.8278    98    10598.0000    10517.9142 12379135    0.76%
 611184 92391        cutoff          10598.0000    10521.5000 12525877    0.72%
 620843 88772        cutoff          10598.0000    10524.9926 12654497    0.69%
 630823 84452        cutoff          10598.0000    10528.4801 12804344    0.66%
Elapsed time = 683.07 sec. (289290.02 ticks, tree = 88.55 MB, solutions = 32)
 640843 79452        cutoff          10598.0000    10531.6607 12965316    0.63%
 650890 74754        cutoff          10598.0000    10535.6836 13097386    0.59%
 661318 69059        cutoff          10598.0000    10539.0789 13246527    0.56%
 671670 62610        cutoff          10598.0000    10542.7553 13398925    0.52%
 682357 55164        cutoff          10598.0000    10548.0185 13552697    0.47%
 693170 48526        cutoff          10598.0000    10553.1875 13671175    0.42%
 704387 39938        cutoff          10598.0000    10559.4346 13811537    0.36%
 715815 30779    infeasible          10598.0000    10566.0475 13937016    0.30%
 727977 19521        cutoff          10598.0000    10575.0000 14062645    0.22%
 741180  7052        cutoff          10598.0000    10588.0122 14152116    0.09%
Elapsed time = 775.02 sec. (327440.14 ticks, tree = 14.94 MB, solutions = 32)

GUB cover cuts applied:  30
Clique cuts applied:  21
Cover cuts applied:  503
Implied bound cuts applied:  26
Flow cuts applied:  5
Mixed integer rounding cuts applied:  720
Zero-half cuts applied:  94
Lift and project cuts applied:  61
Gomory fractional cuts applied:  46

Root node processing (before b&c):
  Real time             =    1.27 sec. (944.99 ticks)
Parallel b&c, 8 threads:
  Real time             =  778.97 sec. (328273.74 ticks)
  Sync time (average)   =  102.39 sec.
  Wait time (average)   =    0.49 sec.
                          ------------
Total (root+branch&cut) =  780.24 sec. (329218.73 ticks)
