Version identifier: 20.1.0.0 | 2020-11-10 | 9bedb6d68
CPXPARAM_RandomSeed                              1234
CPXPARAM_TimeLimit                               3600
Lazy constraint(s) or lazy constraint/branch callback is present.
    Disabling dual reductions (CPX_PARAM_REDUCE) in presolve.
    Disabling presolve reductions that prevent crushing forms (CPX_PARAM_PREREFORM).
Tried aggregator 1 time.
MIP Presolve eliminated 0 rows and 23 columns.
Reduced MIP has 44 rows, 483 columns, and 924 nonzeros.
Reduced MIP has 462 binaries, 21 generals, 0 SOSs, and 0 indicators.
Presolve time = 0.00 sec. (0.31 ticks)
Probing time = 0.00 sec. (0.93 ticks)
Tried aggregator 1 time.
Reduced MIP has 44 rows, 483 columns, and 924 nonzeros.
Reduced MIP has 462 binaries, 21 generals, 0 SOSs, and 0 indicators.
Presolve time = 0.00 sec. (0.30 ticks)
Probing time = 0.00 sec. (0.93 ticks)
Clique table members: 44.
Problem contains 651 lazy constraints.
MIP emphasis: balance optimality and feasibility.
MIP search method: dynamic search.
Parallel mode: deterministic, using up to 8 threads.
Root relaxation solution time = 0.00 sec. (0.22 ticks)

        Nodes                                         Cuts/
   Node  Left     Objective  IInf  Best Integer    Best Bound    ItCnt     Gap

      0     0     6083.5000    34                   5289.0000       14         
      0     0     6160.0000    20                    Cuts: 17       26         
      0     0     6160.0000    46                    Cuts: 16       30         
      0     0     6160.0000    44                ZeroHalf: 29       40         
      0     2     6160.0000    49                   6160.0000       40         
Elapsed time = 0.03 sec. (21.91 ticks, tree = 0.02 MB, solutions = 0)
*   194    95      integral     0     7986.0000     6160.0000      622   22.87%
*   536   386      integral     0     7794.0000     6297.0000     2757   19.21%
*   795   440      integral     0     7758.0000     6297.6667     3123   18.82%
*   903   426      integral     0     7557.0000     6300.1429     3090   16.63%
*  1577   921      integral     0     7392.0000     6324.2143     6919   14.45%
*  2271  1271      integral     0     7370.0000     6334.6032     9923   14.05%

Performing restart 1

Repeating presolve.
Tried aggregator 1 time.
MIP Presolve eliminated 0 rows and 11 columns.
Reduced MIP has 44 rows, 472 columns, and 902 nonzeros.
Reduced MIP has 451 binaries, 21 generals, 0 SOSs, and 0 indicators.
Presolve time = 0.00 sec. (0.32 ticks)
Tried aggregator 1 time.
Reduced MIP has 44 rows, 472 columns, and 902 nonzeros.
Reduced MIP has 451 binaries, 21 generals, 0 SOSs, and 0 indicators.
Presolve time = 0.00 sec. (0.31 ticks)
Represolve time = 0.01 sec. (4.71 ticks)
Problem contains 651 lazy constraints.
   3845     0     6297.0000    56     7370.0000      Cuts: 64    19987   13.73%
   3845     0     6297.0000    16     7370.0000      Cuts: 35    19995   13.73%
   3845     0     6297.0000    24     7370.0000      Cuts: 28    20011   13.73%
*  4714   553      integral     0     7306.0000     6358.0000    23902   12.98%
   4846   552     6399.8409    32     7306.0000     6358.0000    23885   12.98%
*  5248   695      integral     0     7113.0000     6358.0000    24656   10.61%
  14259  7857     6479.0833    16     7113.0000     6446.0000    59031    9.38%
  24923 15011     6676.3095    19     7113.0000     6464.6667    91736    9.11%
  36868 23962     6530.6012    24     7113.0000     6478.6190   132456    8.92%

Performing restart 2

Repeating presolve.
Tried aggregator 1 time.
MIP Presolve eliminated 0 rows and 33 columns.
Reduced MIP has 44 rows, 439 columns, and 836 nonzeros.
Reduced MIP has 418 binaries, 21 generals, 0 SOSs, and 0 indicators.
Presolve time = 0.00 sec. (0.30 ticks)
Tried aggregator 1 time.
Reduced MIP has 44 rows, 439 columns, and 836 nonzeros.
Reduced MIP has 418 binaries, 21 generals, 0 SOSs, and 0 indicators.
Presolve time = 0.00 sec. (0.29 ticks)
Represolve time = 0.04 sec. (17.04 ticks)
Problem contains 651 lazy constraints.
  44034     0     6319.5000    47     7113.0000      Cuts: 93   176238    8.79%
  44034     0     6342.0000    11     7113.0000      Cuts: 28   176254    8.79%
  44034     0     6344.3333    38     7113.0000      Cuts: 29   176268    8.79%
  44034     0     6349.0000    21     7113.0000      Cuts: 10   176279    8.79%
  44034     0     6349.0000    41     7113.0000      Cuts: 55   176293    8.79%

Repeating presolve.
Tried aggregator 1 time.
MIP Presolve eliminated 0 rows and 18 columns.
Reduced MIP has 44 rows, 421 columns, and 800 nonzeros.
Reduced MIP has 400 binaries, 21 generals, 0 SOSs, and 0 indicators.
Presolve time = 0.00 sec. (0.29 ticks)
Tried aggregator 1 time.
Reduced MIP has 44 rows, 421 columns, and 800 nonzeros.
Reduced MIP has 400 binaries, 21 generals, 0 SOSs, and 0 indicators.
Presolve time = 0.00 sec. (0.28 ticks)
Represolve time = 0.02 sec. (15.05 ticks)
Problem contains 651 lazy constraints.
  44034     2     6349.0000    47     7113.0000     6487.6667   176388    8.79%
* 45696+  972                         7087.0000     6487.6667             8.46%
  47920  2555     6877.4762    10     7087.0000     6487.6667   192025    8.46%
  55023  7577     6511.9048    23     7087.0000     6487.6667   217263    8.46%
  63482 14042     6558.9613    47     7087.0000     6487.6667   248261    8.46%
* 68654 18145      integral     0     7042.0000     6487.6667   267483    7.87%
  71897 21473     6590.6667    23     7042.0000     6487.6667   285071    7.87%
* 86539 32235      integral     0     7013.0000     6498.8095   340573    7.33%
 102264 44334     6747.2857    23     7013.0000     6513.0529   408740    7.13%
Elapsed time = 5.74 sec. (3176.58 ticks, tree = 17.34 MB, solutions = 12)
 133049 67579     6697.3016    26     7013.0000     6538.1534   546403    6.77%
 163712 88975     6835.5714    27     7013.0000     6553.0068   684503    6.56%
 194813 109977     6772.0238    13     7013.0000     6566.5048   824722    6.37%
 225637 129941     6672.0159    26     7013.0000     6579.8388   973016    6.18%
 256525 149890     6984.0000    12     7013.0000     6590.5524  1126407    6.02%
 286999 164231     6924.3333    11     7013.0000     6601.7857  1264400    5.86%
 317175 181789        cutoff           7013.0000     6611.2540  1437397    5.73%
 347627 198650        cutoff           7013.0000     6621.0000  1613044    5.59%
 378592 209893     6963.8571     4     7013.0000     6630.7937  1742124    5.45%
 410204 224295     6793.9206    11     7013.0000     6639.6587  1932000    5.32%
Elapsed time = 23.02 sec. (12713.61 ticks, tree = 89.52 MB, solutions = 12)
 442794 237718     6670.9252    20     7013.0000     6647.0952  2091662    5.22%
 475137 252864     6820.7333    24     7013.0000     6655.6190  2270474    5.10%
 507238 267563     6838.0476     8     7013.0000     6663.2619  2464017    4.99%
 539357 279353     6849.0000    26     7013.0000     6670.9524  2626730    4.88%
 571571 291005     6751.6667    15     7013.0000     6678.7143  2786605    4.77%
 603382 303459     6991.3333     9     7013.0000     6686.1381  2976008    4.66%
 635003 312324     6776.0794    20     7013.0000     6693.3537  3143068    4.56%
 665180 322387        cutoff           7013.0000     6700.5238  3333977    4.46%
 696029 329426     6829.6905     8     7013.0000     6706.5873  3469085    4.37%
 725611 339140        cutoff           7013.0000     6713.1865  3664031    4.28%
Elapsed time = 39.98 sec. (22250.62 ticks, tree = 139.41 MB, solutions = 12)
 755344 346982        cutoff           7013.0000     6719.3810  3842810    4.19%
 785818 354029     6801.4603    19     7013.0000     6725.3810  4000923    4.10%
 815586 360149    infeasible           7013.0000     6731.6667  4162803    4.01%
 845796 365417     6805.4643    14     7013.0000     6737.9603  4334700    3.92%
 875458 370419     6853.1746    21     7013.0000     6742.8929  4495389    3.85%
 904885 374467     6892.2143     8     7013.0000     6748.6825  4648105    3.77%
 935121 378376     6864.4762    10     7013.0000     6754.8095  4853018    3.68%
 964768 380252     6966.0857    28     7013.0000     6761.2857  5047498    3.59%
 993856 381351     6894.2286    19     7013.0000     6766.2619  5169571    3.52%
 1023252 384040    infeasible           7013.0000     6770.5238  5385444    3.46%
Elapsed time = 57.46 sec. (31787.78 ticks, tree = 156.29 MB, solutions = 12)
 1053174 385561        cutoff           7013.0000     6775.9048  5553768    3.38%
 1082380 385236     6934.7460     9     7013.0000     6781.7007  5699495    3.30%
 1112134 384782     6885.6429    17     7013.0000     6786.2857  5865876    3.23%
 1142278 384542    infeasible           7013.0000     6791.0952  6070537    3.16%
 1172971 383853    infeasible           7013.0000     6796.4286  6210833    3.09%
 1203346 383009     6847.3492     9     7013.0000     6800.8810  6406879    3.02%
 1232794 381183    infeasible           7013.0000     6805.9524  6578925    2.95%
 1256649 378728        cutoff           7013.0000     6810.1524  6702453    2.89%
 1283163 376640     6905.3810    19     7013.0000     6814.4444  6824183    2.83%
 1310472 372644     6832.3333     6     7013.0000     6819.1905  7003895    2.76%
Elapsed time = 75.40 sec. (41324.77 ticks, tree = 153.36 MB, solutions = 12)
 1334668 369731    infeasible           7013.0000     6823.0000  7109959    2.71%
 1364299 364212     6858.2143    22     7013.0000     6827.7143  7316449    2.64%
 1388625 360519        cutoff           7013.0000     6831.2143  7432639    2.59%
 1413958 355475        cutoff           7013.0000     6835.6349  7575980    2.53%
 1443191 349515        cutoff           7013.0000     6840.9048  7727411    2.45%
 1470439 343094     6926.2476    13     7013.0000     6845.4830  7866808    2.39%
 1496050 335548     6863.4444    19     7013.0000     6849.9048  8023570    2.33%
 1522093 328296        cutoff           7013.0000     6854.1111  8160237    2.27%
 1549872 319729     6873.9048    16     7013.0000     6859.0000  8312673    2.20%
 1577275 310772     6924.1270    11     7013.0000     6863.8571  8453886    2.13%
Elapsed time = 93.36 sec. (50861.84 ticks, tree = 131.98 MB, solutions = 12)
 1604770 299799     6898.7143    10     7013.0000     6868.9048  8621872    2.05%
 1631135 289327     6997.1667     9     7013.0000     6873.4524  8771578    1.99%
 1657459 279785     7006.3571    10     7013.0000     6878.4286  8896166    1.92%
 1683667 269907        cutoff           7013.0000     6882.5714  9021711    1.86%
 1709270 256905     6923.9206    14     7013.0000     6888.0000  9177545    1.78%
 1735644 248589        cutoff           7013.0000     6892.4762  9270874    1.72%
 1762111 233141     6944.3492    19     7013.0000     6898.0476  9439155    1.64%
 1788712 221630        cutoff           7013.0000     6902.7857  9554969    1.57%
 1815558 209061     6944.8810     7     7013.0000     6908.7143  9677822    1.49%
 1842506 195694        cutoff           7013.0000     6913.7143  9807090    1.42%
Elapsed time = 112.06 sec. (60398.74 ticks, tree = 90.85 MB, solutions = 12)
 1869359 181026     6953.0952     7     7013.0000     6919.6667  9936683    1.33%
 1894653 168646        cutoff           7013.0000     6925.0952 10040813    1.25%
 1920936 151019        cutoff           7013.0000     6931.9762 10182411    1.16%
 1947645 134803        cutoff           7013.0000     6939.0952 10307877    1.05%
 1974015 120238    infeasible           7013.0000     6947.0000 10416415    0.94%
 1999654 104909        cutoff           7013.0000     6954.0952 10523716    0.84%
 2026111 85513        cutoff           7013.0000     6962.6190 10643962    0.72%
 2053285 64629     6976.4127     8     7013.0000     6972.4286 10760620    0.58%
 2081983 42231        cutoff           7013.0000     6984.2857 10867534    0.41%
 2112075 16801        cutoff           7013.0000     6999.6190 10969302    0.19%
Elapsed time = 132.89 sec. (69935.83 ticks, tree = 25.76 MB, solutions = 12)

Cover cuts applied:  9
Mixed integer rounding cuts applied:  10
Zero-half cuts applied:  7
Gomory fractional cuts applied:  10
Lazy constraints applied:  281

Root node processing (before b&c):
  Real time             =    0.03 sec. (22.19 ticks)
Parallel b&c, 8 threads:
  Real time             =  134.74 sec. (70427.93 ticks)
  Sync time (average)   =   21.83 sec.
  Wait time (average)   =    0.09 sec.
                          ------------
Total (root+branch&cut) =  134.77 sec. (70450.12 ticks)
