Version identifier: 20.1.0.0 | 2020-11-10 | 9bedb6d68
CPXPARAM_RandomSeed                              1234
CPXPARAM_TimeLimit                               3600
Tried aggregator 1 time.
MIP Presolve eliminated 0 rows and 23 columns.
Reduced MIP has 464 rows, 483 columns, and 2184 nonzeros.
Reduced MIP has 462 binaries, 21 generals, 0 SOSs, and 0 indicators.
Presolve time = 0.00 sec. (1.47 ticks)
Probing time = 0.00 sec. (1.95 ticks)
Tried aggregator 1 time.
Detecting symmetries...
Reduced MIP has 464 rows, 483 columns, and 2184 nonzeros.
Reduced MIP has 462 binaries, 21 generals, 0 SOSs, and 0 indicators.
Presolve time = 0.00 sec. (1.86 ticks)
Probing time = 0.00 sec. (1.97 ticks)
Clique table members: 254.
MIP emphasis: balance optimality and feasibility.
MIP search method: dynamic search.
Parallel mode: deterministic, using up to 8 threads.
Root relaxation solution time = 0.00 sec. (0.85 ticks)

        Nodes                                         Cuts/
   Node  Left     Objective  IInf  Best Integer    Best Bound    ItCnt     Gap

*     0+    0                        16960.0000        0.0000           100.00%
      0     0     5364.6667    40    16960.0000     5364.6667       45   68.37%
      0     0     6160.0000    54    16960.0000      Cuts: 86       91   63.68%
      0     0     6160.0000    55    16960.0000      Cuts: 40      108   63.68%
      0     0     6160.0000    54    16960.0000      Cuts: 17      119   63.68%
*     0+    0                         7485.0000     6160.0000            17.70%
Detecting symmetries...
      0     2     6160.0000    54     7485.0000     6160.0000      119   17.70%
Elapsed time = 0.10 sec. (49.35 ticks, tree = 0.02 MB, solutions = 2)
*   207   111      integral     0     7430.0000     6160.3333     1284   17.09%
*  1025+  635                         7407.0000     6306.3303            14.86%
*  1408   870      integral     0     7333.0000     6325.8571     9932   13.73%
*  1932+ 1108                         7326.0000     6341.0314            13.44%
*  2210+ 1256                         7235.0000     6342.8998            12.33%

Performing restart 1

Repeating presolve.
Tried aggregator 1 time.
MIP Presolve eliminated 0 rows and 13 columns.
Reduced MIP has 464 rows, 470 columns, and 2146 nonzeros.
Reduced MIP has 449 binaries, 21 generals, 0 SOSs, and 0 indicators.
Presolve time = 0.00 sec. (1.47 ticks)
Tried aggregator 1 time.
MIP Presolve eliminated 6 rows and 0 columns.
Reduced MIP has 458 rows, 470 columns, and 2134 nonzeros.
Reduced MIP has 449 binaries, 21 generals, 0 SOSs, and 0 indicators.
Presolve time = 0.00 sec. (1.83 ticks)
Represolve time = 0.01 sec. (7.20 ticks)
   3732     0     6209.8929    55     7235.0000      Cuts: 80    33340   12.00%
   3732     0     6303.5000    58     7235.0000      Cuts: 33    33370   12.00%
   3732     0     6338.0000    52     7235.0000      Cuts: 59    33385   12.00%
   3732     0     6342.0000    50     7235.0000      Cuts: 23    33399   12.00%
   3732     0     6342.0000    49     7235.0000      Cuts: 21    33404   12.00%
   3732     0     6342.1818    49     7235.0000      Cuts: 33    33422   12.00%
*  3732+    0                         7117.0000     6366.8889            10.54%
   3732     0     6344.3333    52     7117.0000      Cuts: 45    33433   10.54%
   3732     0     6349.5581    62     7117.0000       Cuts: 4    33479   10.54%
   3732     0     6354.8125    59     7117.0000      Cuts: 53    33513   10.54%
   3732     0     6370.7506    54     7117.0000     Cuts: 107    33549   10.49%
   3732     0     6387.0357    51     7117.0000      Cuts: 52    33573   10.26%
   3732     0     6387.5000    46     7117.0000      Cuts: 69    33596   10.25%
   3732     0     6392.0136    66     7117.0000      Cuts: 55    33650   10.19%
   3732     0     6392.1429    63     7117.0000      Cuts: 49    33671   10.18%
*  3732+    0                         7091.0000     6392.1429             9.86%
   3732     2     6392.1429    63     7091.0000     6407.3941    33671    9.64%
   6410  1940     6838.5952    14     7091.0000     6450.6667    44251    9.03%
  11304  6317     6637.6786    44     7091.0000     6464.2500    64328    8.84%
  16480 10576     6682.5000    48     7091.0000     6475.5556    85058    8.68%
  22816 15949     6687.2513    31     7091.0000     6485.7183   111448    8.54%
  28739 20169     6807.8571    12     7091.0000     6495.0000   134411    8.41%
  33769 24444     6607.2984    42     7091.0000     6501.0000   155934    8.32%
* 37265+28492                         7087.0000     6506.5616             8.19%
  37616 28921     6559.3492     9     7087.0000     6508.0000   179550    8.17%
* 38991+28631                         7019.0000     6508.8095             7.27%
  39889 30802     7008.1905    17     7019.0000     6508.8095   189823    7.27%

Performing restart 2

Repeating presolve.
Tried aggregator 1 time.
MIP Presolve eliminated 0 rows and 90 columns.
MIP Presolve modified 222 coefficients.
Reduced MIP has 458 rows, 380 columns, and 2107 nonzeros.
Reduced MIP has 359 binaries, 21 generals, 0 SOSs, and 0 indicators.
Presolve time = 0.00 sec. (1.92 ticks)
Tried aggregator 1 time.
MIP Presolve eliminated 51 rows and 0 columns.
MIP Presolve modified 66 coefficients.
Reduced MIP has 407 rows, 380 columns, and 2005 nonzeros.
Reduced MIP has 359 binaries, 21 generals, 0 SOSs, and 0 indicators.
Presolve time = 0.00 sec. (1.94 ticks)
Represolve time = 0.05 sec. (23.44 ticks)
  46645     0     6394.2667    59     7019.0000      Cuts: 38   227303    7.06%
  46645     0     6396.2500    57     7019.0000   ZeroHalf: 4   227309    7.06%
  46645     0     6396.2840    79     7019.0000      Cuts: 14   227334    7.06%
  46645     0     6396.6250    73     7019.0000      Cuts: 22   227352    7.06%
  46645     0     6398.0857    66     7019.0000      Cuts: 83   227388    7.06%
  46645     0     6398.0857    74     7019.0000      Cuts: 26   227405    7.06%
  46645     0     6398.0857    60     7019.0000       Cuts: 2   227409    7.06%
  46645     0     6398.0857    70     7019.0000      Cuts: 41   227441    7.06%
  46645     0     6398.4842    69     7019.0000      Cuts: 25   227456    7.06%
  46645     0     6399.1842    75     7019.0000      Cuts: 28   227474    7.06%
  46645     0     6400.0745    44     7019.0000       Cuts: 7   227478    7.06%
  46645     0     6402.3537    62     7019.0000      Cuts: 39   227521    7.06%

Repeating presolve.
Tried aggregator 1 time.
MIP Presolve eliminated 0 rows and 51 columns.
MIP Presolve modified 1321 coefficients.
Reduced MIP has 407 rows, 329 columns, and 2388 nonzeros.
Reduced MIP has 308 binaries, 21 generals, 0 SOSs, and 0 indicators.
Presolve time = 0.00 sec. (2.44 ticks)
Tried aggregator 1 time.
Reduced MIP has 407 rows, 329 columns, and 2388 nonzeros.
Reduced MIP has 308 binaries, 21 generals, 0 SOSs, and 0 indicators.
Presolve time = 0.00 sec. (1.60 ticks)
Represolve time = 0.03 sec. (20.32 ticks)
  46645     0     6407.7419    68     7019.0000      Cuts: 24   227654    7.06%
  46645     0     6408.2300    85     7019.0000      Cuts: 67   227699    7.06%
  46645     0     6408.2606    78     7019.0000      Cuts: 89   227723    7.06%
  46645     0     6408.2606    85     7019.0000      Cuts: 49   227738    7.06%
  46645     0     6408.2606    84     7019.0000       Cuts: 6   227742    7.06%
  46645     0     6409.1848    85     7019.0000      Cuts: 13   227756    7.06%
  46645     0     6409.7974    82     7019.0000       Cuts: 9   227762    7.06%
  46645     2     6409.7974    82     7019.0000     6523.1667   227762    7.06%
Elapsed time = 8.29 sec. (4435.09 ticks, tree = 0.02 MB, solutions = 14)
  58117  8958    infeasible           7019.0000     6523.1667   312744    7.06%
  73680 21655     6638.1287    18     7019.0000     6523.1667   440229    7.06%
  85727 30761     6937.3333    14     7019.0000     6549.3243   539712    6.69%
  96137 37701     6699.7377    13     7019.0000     6566.7867   612478    6.44%
 105926 45232     6767.4608    23     7019.0000     6579.7307   695656    6.26%
 115044 50549        cutoff           7019.0000     6585.7640   765320    6.17%
 124079 57329     6724.4417    48     7019.0000     6595.2821   849517    6.04%
 134299 64428     6855.3710    11     7019.0000     6603.8235   928468    5.92%
 142124 70003     6703.4337    21     7019.0000     6611.0000   997548    5.81%
 149531 73925     6828.6667    34     7019.0000     6616.7640  1065111    5.73%
Elapsed time = 24.83 sec. (13972.68 ticks, tree = 31.26 MB, solutions = 14)
 156937 77644        cutoff           7019.0000     6621.6290  1129333    5.66%
*156948+78196                         7013.0000     6621.6290             5.58%
 164480 82125     6915.3333    28     7013.0000     6625.8415  1200389    5.52%
 171510 87349     7010.0083    31     7013.0000     6631.5036  1276339    5.44%
 178282 91167    infeasible           7013.0000     6635.9180  1335980    5.38%
 185795 95140        cutoff           7013.0000     6640.4203  1396310    5.31%
 193280 99956     6693.6667     7     7013.0000     6645.0396  1470843    5.25%
 199769 103071        cutoff           7013.0000     6649.7492  1528966    5.18%
 206742 107481     6766.6894    16     7013.0000     6653.3333  1607417    5.13%
 213510 110533     6871.9198    34     7013.0000     6657.0000  1672015    5.08%
 218807 112628        cutoff           7013.0000     6660.7847  1714263    5.02%
Elapsed time = 43.72 sec. (23510.23 ticks, tree = 46.92 MB, solutions = 15)
 225632 116010     6745.2500     9     7013.0000     6664.0667  1786411    4.98%
 231572 118803     6883.3333    12     7013.0000     6667.6667  1857244    4.92%
 236952 121776     6826.8056    30     7013.0000     6670.7292  1931622    4.88%
 243109 124201     6789.5000     9     7013.0000     6674.0000  1981257    4.83%
 249505 126415        cutoff           7013.0000     6677.2857  2042697    4.79%
 255777 128910     6746.8421    33     7013.0000     6680.6667  2107886    4.74%
 261035 131329     6769.5667     9     7013.0000     6683.8049  2178173    4.69%
 267175 133609        cutoff           7013.0000     6687.0572  2233891    4.65%
 272271 135174     6841.8641    23     7013.0000     6690.6667  2295510    4.60%
 277656 137155        cutoff           7013.0000     6693.4737  2360819    4.56%
Elapsed time = 63.04 sec. (33048.51 ticks, tree = 61.05 MB, solutions = 15)
 282915 138924     6942.1475    19     7013.0000     6696.0000  2416888    4.52%
 288387 140838     6799.9394    49     7013.0000     6698.7212  2486422    4.48%
 293568 142627        cutoff           7013.0000     6701.4000  2540927    4.44%
 298446 144052        cutoff           7013.0000     6704.0142  2605211    4.41%
 303598 145452     6941.4333    19     7013.0000     6706.4048  2650219    4.37%
 308363 146653     6837.6011    30     7013.0000     6709.0347  2705406    4.33%
 313462 148309        cutoff           7013.0000     6711.7518  2761408    4.30%
 318157 149576     6778.5385    38     7013.0000     6713.8913  2826644    4.27%
 322979 150484     6807.5000    30     7013.0000     6716.2167  2865306    4.23%
 327607 151809        cutoff           7013.0000     6718.6316  2929305    4.20%
Elapsed time = 83.10 sec. (42587.41 ticks, tree = 68.66 MB, solutions = 15)
 332240 152801     6853.1429    30     7013.0000     6721.0476  2986302    4.16%
 336928 153705        cutoff           7013.0000     6723.0667  3047620    4.13%
 341524 154416     6897.4460    23     7013.0000     6725.1860  3100881    4.10%
 346107 155500     6903.3696    22     7013.0000     6727.4590  3163150    4.07%
 350785 156270        cutoff           7013.0000     6729.5500  3197347    4.04%
 355081 157074        cutoff           7013.0000     6731.6667  3250284    4.01%
 359621 158099    infeasible           7013.0000     6733.9424  3301223    3.98%
 363913 158824     6811.0000    25     7013.0000     6735.9362  3354749    3.95%
 368413 159791        cutoff           7013.0000     6738.0000  3402218    3.92%
 372690 160944     6835.5714    41     7013.0000     6739.8022  3470960    3.90%
Elapsed time = 102.51 sec. (52125.99 ticks, tree = 75.91 MB, solutions = 15)
 376963 161194        cutoff           7013.0000     6741.8500  3521047    3.87%
 381048 161841     6847.6667    28     7013.0000     6743.5119  3559664    3.84%
 385230 162573     6889.3523    29     7013.0000     6745.3333  3612779    3.82%
 389387 163173        cutoff           7013.0000     6746.8500  3651904    3.80%
 393381 163611     6887.8226    25     7013.0000     6748.6667  3711223    3.77%
 397622 164380        cutoff           7013.0000     6750.1690  3764497    3.75%
 401612 165013     6871.1111    16     7013.0000     6751.8000  3821421    3.72%
 405814 165611        cutoff           7013.0000     6753.6649  3860997    3.70%
 409826 166041        cutoff           7013.0000     6755.1610  3918309    3.68%
 413942 166607        cutoff           7013.0000     6756.8750  3962114    3.65%
Elapsed time = 124.44 sec. (61664.47 ticks, tree = 80.11 MB, solutions = 15)
 417888 167035     6824.0417    38     7013.0000     6758.5082  4005094    3.63%
 421719 167197     6991.6190    19     7013.0000     6760.3333  4053679    3.60%
 425787 167222     6832.8000    15     7013.0000     6762.0000  4102476    3.58%
 429705 167346     6846.0000     4     7013.0000     6763.1042  4146272    3.56%
 433616 167682        cutoff           7013.0000     6765.0000  4198846    3.54%
 437270 167950    infeasible           7013.0000     6766.5775  4244832    3.51%
 441165 168188     6883.1463    15     7013.0000     6768.4028  4291159    3.49%
 444849 168317     6940.5000     9     7013.0000     6769.8000  4324278    3.47%
 448380 168434        cutoff           7013.0000     6771.4167  4388230    3.44%
 452269 168639     6843.6667    23     7013.0000     6773.0000  4426864    3.42%
Elapsed time = 146.70 sec. (71203.69 ticks, tree = 82.67 MB, solutions = 15)
 455836 168684     6816.4211    44     7013.0000     6774.4500  4476793    3.40%
 459462 168640        cutoff           7013.0000     6776.0000  4516963    3.38%
 463102 168666        cutoff           7013.0000     6777.5556  4561284    3.36%
 466472 168616        cutoff           7013.0000     6779.0000  4600309    3.34%
 470145 168425    infeasible           7013.0000     6780.4286  4649452    3.32%
 473545 168348     6932.4561    40     7013.0000     6781.8000  4690915    3.30%
 477045 168222        cutoff           7013.0000     6783.3333  4745935    3.27%
 480664 168098     6848.7823    24     7013.0000     6784.7307  4774131    3.25%
 483853 167891     6925.2667    25     7013.0000     6786.0000  4807474    3.24%
 487229 167707        cutoff           7013.0000     6787.5556  4859616    3.21%
Elapsed time = 169.97 sec. (80742.59 ticks, tree = 83.90 MB, solutions = 15)
 490535 167488     6829.0000     8     7013.0000     6789.0000  4901735    3.19%
 493886 167431        cutoff           7013.0000     6790.4017  4932893    3.17%
 497189 167139     6855.3611    26     7013.0000     6791.8794  4986052    3.15%
 500735 166940     6849.5000    18     7013.0000     6793.1850  5024219    3.13%
 504227 166680        cutoff           7013.0000     6794.5000  5081368    3.12%
 507934 166573     6940.0413    25     7013.0000     6796.0000  5114398    3.09%
 511557 166437     6810.9506    26     7013.0000     6797.3333  5150426    3.08%
 515163 166006     6840.3369    16     7013.0000     6798.8571  5211244    3.05%
 518809 165689     6893.0070    35     7013.0000     6800.1243  5232585    3.04%
 533188 163573     6895.7705    14     7013.0000     6805.9866  5402470    2.95%
Elapsed time = 214.80 sec. (93142.68 ticks, tree = 84.20 MB, solutions = 15)
 547636 160867     6913.1782    18     7013.0000     6811.6974  5592672    2.87%
 562097 158379     6823.6260    25     7013.0000     6817.6667  5767337    2.79%
 576697 156040        cutoff           7013.0000     6823.2500  5931157    2.71%
 591273 152513        cutoff           7013.0000     6829.0000  6128315    2.62%
 606258 148858        cutoff           7013.0000     6834.3333  6289705    2.55%
 621435 144880     6983.0971    22     7013.0000     6840.3770  6456286    2.46%
 636605 140128        cutoff           7013.0000     6846.3696  6633758    2.38%
 651921 135105     6863.0000    28     7013.0000     6852.2857  6803083    2.29%
 667115 130065     7593.8750    38     7013.0000     6858.6000  6969900    2.20%
 682517 123989        cutoff           7013.0000     6864.7500  7144547    2.11%
Elapsed time = 355.90 sec. (131293.26 ticks, tree = 70.19 MB, solutions = 15)
 697957 117715        cutoff           7013.0000     6871.1667  7324726    2.02%
 713267 111380     6967.9500    17     7013.0000     6877.6786  7478926    1.93%
 728647 103765     7009.8889    29     7013.0000     6884.1111  7669830    1.84%
 744243 96736        cutoff           7013.0000     6890.7283  7808462    1.74%
 759883 88343        cutoff           7013.0000     6897.9204  7988926    1.64%
 775682 80610        cutoff           7013.0000     6905.2857  8135486    1.54%
 791543 70800        cutoff           7013.0000     6912.7742  8306767    1.43%
 807459 61805        cutoff           7013.0000     6921.0000  8453121    1.31%
 823732 50119     6979.7800    16     7013.0000     6931.6923  8627800    1.16%
 840136 39222        cutoff           7013.0000     6944.8197  8783870    0.97%
Elapsed time = 475.55 sec. (169444.39 ticks, tree = 29.43 MB, solutions = 15)
 856897 27039        cutoff           7013.0000     6961.0000  8917574    0.74%
 874048 12234        cutoff           7013.0000     6983.6667  9055534    0.42%

GUB cover cuts applied:  38
Clique cuts applied:  10
Cover cuts applied:  1211
Implied bound cuts applied:  9
Flow cuts applied:  7
Mixed integer rounding cuts applied:  592
Zero-half cuts applied:  42
Multi commodity flow cuts applied:  4
Lift and project cuts applied:  10
Gomory fractional cuts applied:  18

Root node processing (before b&c):
  Real time             =    0.10 sec. (49.81 ticks)
Parallel b&c, 8 threads:
  Real time             =  510.99 sec. (179698.22 ticks)
  Sync time (average)   =   73.95 sec.
  Wait time (average)   =    0.71 sec.
                          ------------
Total (root+branch&cut) =  511.09 sec. (179748.03 ticks)
