Version identifier: 20.1.0.0 | 2020-11-10 | 9bedb6d68
CPXPARAM_RandomSeed                              1234
CPXPARAM_TimeLimit                               3600
Lazy constraint(s) or lazy constraint/branch callback is present.
    Disabling dual reductions (CPX_PARAM_REDUCE) in presolve.
    Disabling presolve reductions that prevent crushing forms (CPX_PARAM_PREREFORM).
Tried aggregator 1 time.
MIP Presolve eliminated 0 rows and 23 columns.
Reduced MIP has 44 rows, 483 columns, and 924 nonzeros.
Reduced MIP has 462 binaries, 21 generals, 0 SOSs, and 0 indicators.
Presolve time = 0.00 sec. (0.31 ticks)
Probing time = 0.00 sec. (0.93 ticks)
Tried aggregator 1 time.
Reduced MIP has 44 rows, 483 columns, and 924 nonzeros.
Reduced MIP has 462 binaries, 21 generals, 0 SOSs, and 0 indicators.
Presolve time = 0.00 sec. (0.30 ticks)
Probing time = 0.00 sec. (0.93 ticks)
Clique table members: 44.
Problem contains 420 lazy constraints.
MIP emphasis: balance optimality and feasibility.
MIP search method: dynamic search.
Parallel mode: deterministic, using up to 8 threads.
Root relaxation solution time = 0.00 sec. (0.22 ticks)

        Nodes                                         Cuts/
   Node  Left     Objective  IInf  Best Integer    Best Bound    ItCnt     Gap

      0     0     5364.6667    42                   5289.0000       14         
      0     0     5798.9524    46                    Cuts: 50       36         
      0     0     5849.6190    28                    Cuts: 18       44         
      0     0     5849.6190    29                ZeroHalf: 10       48         
      0     0     5849.6190    29                 ZeroHalf: 8       50         
      0     2     5849.6190    55                   5849.6190       50         
Elapsed time = 0.03 sec. (23.09 ticks, tree = 0.02 MB, solutions = 0)
*   224   138      integral     0     7908.0000     5934.3810      827   24.96%
*   273   193      integral     0     7860.0000     5934.3810     1226   24.50%
*   381   197      integral     0     7785.0000     6092.1429     1219   21.75%
*  1349   688      integral     0     7476.0000     6132.6190     4851   17.97%
*  1970   962      integral     0     7182.0000     6166.0000     7746   14.15%
*  3716  1868      integral     0     7170.0000     6200.0952    15780   13.53%

Performing restart 1

Repeating presolve.
Tried aggregator 1 time.
MIP Presolve eliminated 0 rows and 4 columns.
Reduced MIP has 44 rows, 479 columns, and 916 nonzeros.
Reduced MIP has 458 binaries, 21 generals, 0 SOSs, and 0 indicators.
Presolve time = 0.00 sec. (0.32 ticks)
Tried aggregator 1 time.
Reduced MIP has 44 rows, 479 columns, and 916 nonzeros.
Reduced MIP has 458 binaries, 21 generals, 0 SOSs, and 0 indicators.
Presolve time = 0.00 sec. (0.31 ticks)
Represolve time = 0.01 sec. (4.80 ticks)
Problem contains 420 lazy constraints.
   3871     0     6166.8571    49     7170.0000      Cuts: 12    20054   13.35%
   3871     0     6247.5000    18     7170.0000      Cuts: 37    20068   12.87%
   3871     0     6251.5000    35     7170.0000      Cuts: 52    20082   12.81%
   3871     0     6297.5000    34     7170.0000      Cuts: 21    20097   12.17%
   3871     0     6298.0000    18     7170.0000      Cuts: 14    20108   12.16%
   3871     0     6312.3333    50     7170.0000      Cuts: 11    20122   11.96%
   3871     0     6319.5000    26     7170.0000      Cuts: 29    20130   11.86%
   3871     0     6327.0000    57     7170.0000      Cuts: 13    20145   11.76%
   3871     0     6327.0000    39     7170.0000      Cuts: 24    20149   11.76%
   3871     0     6327.0000    62     7170.0000  ZeroHalf: 13    20157   11.76%
   3871     0     6327.0000    43     7170.0000       Cuts: 4    20161   11.76%
   3871     0     6339.0000    18     7170.0000      Cuts: 37    20175   11.59%
   3871     0     6342.0000    53     7170.0000      Cuts: 21    20184   11.55%
   3871     0     6342.5000     9     7170.0000      Cuts: 14    20194   11.54%
   3871     0     6342.5000    39     7170.0000       Cuts: 8    20201   11.54%
   4102   144     6895.9841    25     7170.0000     6353.2000    21194   11.39%
*  5473  1033      integral     0     7161.0000     6388.9369    26053   10.78%
  12271  6296     6758.8571    25     7161.0000     6429.4689    46215   10.22%
* 13592  7534      integral     0     7143.0000     6432.7619    51327    9.94%
* 20212 12366      integral     0     7132.0000     6448.6667    69926    9.58%
  22387 13723     6610.4286    43     7132.0000     6452.7619    75603    9.52%
* 22739 15034      integral     0     7115.0000     6453.4762    81221    9.30%
  33119 23283     6640.5476    25     7115.0000     6466.0000   115421    9.12%
  42571 30735     6707.2579    35     7115.0000     6475.0000   147541    9.00%

Performing restart 2

Repeating presolve.
Tried aggregator 1 time.
MIP Presolve eliminated 0 rows and 85 columns.
Reduced MIP has 44 rows, 394 columns, and 746 nonzeros.
Reduced MIP has 373 binaries, 21 generals, 0 SOSs, and 0 indicators.
Presolve time = 0.00 sec. (0.29 ticks)
Tried aggregator 1 time.
Reduced MIP has 44 rows, 394 columns, and 746 nonzeros.
Reduced MIP has 373 binaries, 21 generals, 0 SOSs, and 0 indicators.
Presolve time = 0.00 sec. (0.26 ticks)
Represolve time = 0.05 sec. (10.55 ticks)
Problem contains 420 lazy constraints.
  43883     0     6345.3810    63     7115.0000      Cuts: 44   162425    8.98%
  43883     0     6347.5000    40     7115.0000      Cuts: 12   162432    8.98%
  43883     0     6347.5455    63     7115.0000      Cuts: 36   162446    8.98%
  43883     0     6349.2500    45     7115.0000       Cuts: 2   162451    8.98%
  43883     0     6351.0000    58     7115.0000      Cuts: 63   162464    8.98%
  43883     0     6355.5000    59     7115.0000      Cuts: 23   162478    8.98%
  43883     0     6355.5000    39     7115.0000       Cuts: 5   162483    8.98%
  43883     0     6355.5000    55     7115.0000      Cuts: 34   162495    8.98%
  43883     0     6355.5000    37     7115.0000      Cuts: 23   162502    8.98%
  43883     0     6355.5000    58     7115.0000      Cuts: 74   162514    8.98%

Repeating presolve.
Tried aggregator 1 time.
MIP Presolve eliminated 0 rows and 41 columns.
Reduced MIP has 44 rows, 353 columns, and 664 nonzeros.
Reduced MIP has 332 binaries, 21 generals, 0 SOSs, and 0 indicators.
Presolve time = 0.00 sec. (0.25 ticks)
Tried aggregator 1 time.
Reduced MIP has 44 rows, 353 columns, and 664 nonzeros.
Reduced MIP has 332 binaries, 21 generals, 0 SOSs, and 0 indicators.
Presolve time = 0.00 sec. (0.23 ticks)
Represolve time = 0.01 sec. (9.06 ticks)
Problem contains 420 lazy constraints.
  43883     0     6355.5000    63     7115.0000      Cuts: 34   162620    8.98%
  43883     0     6355.5000    42     7115.0000      Cuts: 16   162626    8.98%
  43883     0     6355.5000    57     7115.0000      Cuts: 34   162637    8.98%
  43883     0     6359.4000    49     7115.0000      Cuts: 19   162648    8.98%
  43883     0     6359.4000    47     7115.0000      Cuts: 78   162661    8.98%
  43883     0     6359.4000    46     7115.0000      Cuts: 14   162667    8.98%
  43883     0     6359.4000    59     7115.0000      Cuts: 35   162683    8.98%
  43883     0     6359.4000    46     7115.0000      Cuts: 22   162690    8.98%
  43883     0     6359.4000    60     7115.0000      Cuts: 60   162703    8.98%
  44063   130     7005.2857     6     7115.0000     6475.8163   164208    8.98%
* 45538   941      integral     0     7105.0000     6475.8163   169262    8.86%
  48617  3152     6639.8095    23     7105.0000     6475.8163   178776    8.86%
  55933  8976     6611.3333    23     7105.0000     6475.8163   201971    8.86%
  64790 15683     6760.6667    19     7105.0000     6475.8163   228870    8.86%
  97870 43102     6558.0119    31     7105.0000     6493.9714   345113    8.60%
Elapsed time = 8.27 sec. (3122.91 ticks, tree = 15.92 MB, solutions = 16)
*102905 48449      integral     0     7088.0000     6497.0000   369637    8.34%
*109696 53936      integral     0     7081.0000     6502.0913   394958    8.18%
 130579 68908     6854.9048    20     7081.0000     6515.4365   467676    7.99%
 163098 95811     6685.3537    30     7081.0000     6533.4000   604905    7.73%
*182135 111369      integral     0     7061.0000     6541.6286   688484    7.36%
 195777 121042     6764.9286    14     7061.0000     6547.7143   745389    7.27%
 227689 141666     6618.4345    40     7061.0000     6560.2857   864636    7.09%
 260386 165710     6862.2381    14     7061.0000     6571.1633  1007700    6.94%
*292430 185704      integral     0     7055.0000     6580.6000  1135912    6.72%
 292556 186620     6957.1587    15     7055.0000     6580.6000  1141622    6.72%
*292582 188935      integral     0     7039.0000     6580.6000  1161219    6.51%
 324035 203447     6761.9683    34     7039.0000     6590.2222  1278286    6.38%
 355368 225531     6947.1984    24     7039.0000     6599.7857  1446951    6.24%
 386600 241575     6696.3619    24     7039.0000     6607.6587  1577859    6.13%
 418055 259183     6810.9048    24     7039.0000     6616.8000  1725988    6.00%
Elapsed time = 30.26 sec. (12659.83 ticks, tree = 97.50 MB, solutions = 22)
 448905 275301     6905.0714    27     7039.0000     6624.6190  1868238    5.89%
 479660 293645     6883.7976    21     7039.0000     6631.0000  2036656    5.80%
 510712 309643     6685.0172    39     7039.0000     6638.5238  2184840    5.69%
 541678 323673     6713.3810    25     7039.0000     6646.0476  2326664    5.58%
 574467 338944     6779.3333     6     7039.0000     6652.0159  2491195    5.50%
*589161 344592      integral     0     7029.0000     6655.4444  2547177    5.31%
 607299 351392     6739.1701    26     7029.0000     6658.7143  2673951    5.27%
 639693 364051     6945.4286    15     7029.0000     6664.8571  2850380    5.18%
 672916 376544     6767.4286    13     7029.0000     6671.0000  3012377    5.09%
 705864 389628     6749.3280    23     7029.0000     6677.3016  3182633    5.00%
 738916 400855     6814.4603    22     7029.0000     6683.7143  3331926    4.91%
Elapsed time = 48.52 sec. (22196.99 ticks, tree = 154.72 MB, solutions = 23)
 771360 411788     6756.3333    13     7029.0000     6690.0000  3494036    4.82%
 803726 421303        cutoff           7029.0000     6696.1905  3656351    4.73%
 836393 433591     6824.2381    36     7029.0000     6701.6000  3860022    4.66%
 868828 441935     6817.4167    17     7029.0000     6707.0952  4007503    4.58%
 901663 450415     6868.9365    15     7029.0000     6712.5873  4163843    4.50%
 933828 460788    infeasible           7029.0000     6718.4286  4369001    4.42%
 965668 467455     6841.3333    34     7029.0000     6724.4286  4545316    4.33%
 995502 474007     6813.7063    26     7029.0000     6730.2222  4731969    4.25%
 1026949 478818     6819.3095    22     7029.0000     6735.1429  4862441    4.18%
 1056983 483238     6864.5476     7     7029.0000     6740.0000  5061069    4.11%
Elapsed time = 67.02 sec. (31734.01 ticks, tree = 187.52 MB, solutions = 23)
 1087038 486611     6947.3571    12     7029.0000     6746.3238  5222472    4.02%
 1117198 489573     7022.1429    32     7029.0000     6750.4848  5402147    3.96%
 1147239 492086     6851.2857    24     7029.0000     6755.4000  5567805    3.89%
 1177557 494803     6840.1361    28     7029.0000     6759.9894  5722763    3.83%
 1208066 496664    infeasible           7029.0000     6764.1857  5853412    3.77%
 1237879 499657     6859.7619    24     7029.0000     6768.6667  6030930    3.70%
 1267783 500619     6869.8413    34     7029.0000     6773.5238  6163589    3.63%
 1298203 501615        cutoff           7029.0000     6778.8095  6380395    3.56%
*1322980 501917      integral     0     7013.0000     6782.4286  6485918    3.29%
 1328024 502139     6899.1429     7     7013.0000     6783.5238  6506538    3.27%
 1357422 483812     6871.8571    20     7013.0000     6788.1905  6683237    3.21%
Elapsed time = 86.58 sec. (41270.99 ticks, tree = 188.45 MB, solutions = 24)
 1387965 482334     6978.6190    12     7013.0000     6793.1429  6842282    3.13%
 1418268 479200     6833.5310    45     7013.0000     6798.0238  7008002    3.07%
 1448515 476585    infeasible           7013.0000     6803.0238  7156907    2.99%
 1478349 473131     6874.6984    11     7013.0000     6807.4190  7318677    2.93%
 1507794 468457     6873.8571    24     7013.0000     6812.6931  7503603    2.86%
 1537642 463314        cutoff           7013.0000     6817.7619  7647314    2.78%
 1568323 457651        cutoff           7013.0000     6822.4762  7796769    2.72%
 1599867 450287     6926.2063    19     7013.0000     6827.8333  7975412    2.64%
 1631235 441916        cutoff           7013.0000     6833.2657  8139444    2.56%
 1662860 433545        cutoff           7013.0000     6837.9683  8311298    2.50%
Elapsed time = 105.97 sec. (50807.98 ticks, tree = 172.71 MB, solutions = 24)
 1694404 424796        cutoff           7013.0000     6842.9524  8471672    2.42%
 1726116 415522        cutoff           7013.0000     6847.6984  8628414    2.36%
 1757734 404242     6977.1667    16     7013.0000     6852.9286  8813418    2.28%
 1789303 393474        cutoff           7013.0000     6858.2857  8968642    2.21%
 1820986 382711    infeasible           7013.0000     6864.0000  9111135    2.12%
 1852538 369127        cutoff           7013.0000     6869.5873  9267951    2.04%
 1884396 355794    infeasible           7013.0000     6874.7619  9423219    1.97%
 1916177 342329        cutoff           7013.0000     6879.7143  9571702    1.90%
 1948080 325674        cutoff           7013.0000     6885.2540  9741749    1.82%
 1979975 308348        cutoff           7013.0000     6890.9524  9906589    1.74%
Elapsed time = 125.05 sec. (60345.08 ticks, tree = 131.83 MB, solutions = 24)
 2011875 291218     6971.4762    10     7013.0000     6897.0000 10062369    1.65%
 2043926 276911        cutoff           7013.0000     6903.0000 10185158    1.57%
 2076069 257790        cutoff           7013.0000     6908.8571 10336657    1.48%
 2108448 238489        cutoff           7013.0000     6915.0000 10484052    1.40%
 2140608 218992    infeasible           7013.0000     6921.6667 10621771    1.30%
 2173348 196872    infeasible           7013.0000     6928.0000 10769483    1.21%
 2205948 174999        cutoff           7013.0000     6936.7619 10906724    1.09%
 2238833 152891        cutoff           7013.0000     6945.3333 11037563    0.96%
 2271796 128603        cutoff           7013.0000     6954.5714 11170957    0.83%
 2304772 101082        cutoff           7013.0000     6964.7143 11309002    0.69%
Elapsed time = 146.69 sec. (69882.01 ticks, tree = 62.85 MB, solutions = 24)
 2338231 72656     6996.2540    14     7013.0000     6976.3810 11435333    0.52%
 2369172 46133     7002.2381     6     7013.0000     6988.3333 11540013    0.35%
 2400767 15696        cutoff           7013.0000     7002.9048 11642399    0.14%

Cover cuts applied:  14
Mixed integer rounding cuts applied:  14
Zero-half cuts applied:  27
Gomory fractional cuts applied:  7
Lazy constraints applied:  274

Root node processing (before b&c):
  Real time             =    0.03 sec. (23.54 ticks)
Parallel b&c, 8 threads:
  Real time             =  156.14 sec. (73170.66 ticks)
  Sync time (average)   =   30.27 sec.
  Wait time (average)   =    0.37 sec.
                          ------------
Total (root+branch&cut) =  156.16 sec. (73194.19 ticks)
